Sender: LSF System <lsfadmin@node5.kepler.hpc.local>
Subject: Job 55074: <MPI_2_procs_run1> in cluster <kepler.lsf.hpc.local> Done

Job <MPI_2_procs_run1> was submitted from host <mgr.kepler.hpc.local> by user <kaynehack18.gmail.com> in cluster <kepler.lsf.hpc.local> at Tue Oct 14 19:11:24 2025
Job was executed on host(s) <2*node5.kepler.hpc.local>, in queue <normal>, as user <kaynehack18.gmail.com> in cluster <kepler.lsf.hpc.local> at Tue Oct 14 19:11:25 2025
</home/kaynehack18.gmail.com> was used as the home directory.
</home/kaynehack18.gmail.com/Lab_3_4> was used as the working directory.
Started at Tue Oct 14 19:11:25 2025
Terminated at Tue Oct 14 19:11:34 2025
Results reported at Tue Oct 14 19:11:34 2025

Your job looked like:

------------------------------------------------------------
# LSBATCH: User input
#!/bin/bash
#
#BSUB -J MPI_2_procs_run1        
#BSUB -W 00:10             
#BSUB -n 2                       
#BSUB -R "span[ptile=2]" 
#BSUB -o logs/output_MPI_2_procs_run2_%J.out
#BSUB -e logs/error_MPI_2_procs_run2_%J.err
#BSUB -M 1GB
 
ulimit -l unlimited
module load mpi/openmpi-x86_64
mpirun --bind-to core --map-by core ./taylor_matrix_mpi
------------------------------------------------------------

Successfully completed.

Resource usage summary:

    CPU time :                                   42.83 sec.
    Max Memory :                                 901 MB
    Average Memory :                             615.67 MB
    Total Requested Memory :                     -
    Delta Memory :                               -
    Max Swap :                                   -
    Max Processes :                              20
    Max Threads :                                88
    Run time :                                   7 sec.
    Turnaround time :                            10 sec.

The output (if any) follows:

Matrix A:
  0.100000   0.400000   0.200000 
  0.300000   0.000000   0.500000 
  0.600000   0.200000   0.100000 

Result e^A (Taylor approximation):
  1.263789   0.469581   0.345018 
  0.500993   1.140883   0.592488 
  0.737440   0.356041   1.252766 

Time taken: 2.425929 seconds


PS:

Read file <logs/error_MPI_2_procs_run2_55074.err> for stderr output of this job.

