Sender: LSF System <lsfadmin@node5.kepler.hpc.local>
Subject: Job 55100: <OMP_8_threads_run2> in cluster <kepler.lsf.hpc.local> Done

Job <OMP_8_threads_run2> was submitted from host <mgr.kepler.hpc.local> by user <kaynehack18.gmail.com> in cluster <kepler.lsf.hpc.local> at Tue Oct 14 21:37:11 2025
Job was executed on host(s) <node5.kepler.hpc.local>, in queue <normal>, as user <kaynehack18.gmail.com> in cluster <kepler.lsf.hpc.local> at Tue Oct 14 21:37:11 2025
</home/kaynehack18.gmail.com> was used as the home directory.
</home/kaynehack18.gmail.com/Lab_3_4> was used as the working directory.
Started at Tue Oct 14 21:37:11 2025
Terminated at Tue Oct 14 21:37:17 2025
Results reported at Tue Oct 14 21:37:17 2025

Your job looked like:

------------------------------------------------------------
# LSBATCH: User input
#!/bin/bash
#BSUB -J OMP_8_threads_run2
#BSUB -W 02:10
#BSUB -n 1
#BSUB -o logs/output_OMP_8_threads_run2_%J.out
#BSUB -e logs/error_OMP_8_threads_run2_%J.err
#BSUB -M 1GB

export OMP_NUM_THREADS=8
./taylor_matrix_omp	
------------------------------------------------------------

Successfully completed.

Resource usage summary:

    CPU time :                                   18.92 sec.
    Max Memory :                                 8 MB
    Average Memory :                             8.00 MB
    Total Requested Memory :                     -
    Delta Memory :                               -
    Max Swap :                                   -
    Max Processes :                              4
    Max Threads :                                12
    Run time :                                   5 sec.
    Turnaround time :                            6 sec.

The output (if any) follows:

Calculating Taylor series for e^A with 500000000 terms using OpenMP (8 threads).
Matrix A:
  0.100000   0.400000   0.200000 
  0.300000   0.000000   0.500000 
  0.600000   0.200000   0.100000 

Result e^A (Taylor approximation):
  1.263789   0.469581   0.345018 
  0.500993   1.140883   0.592488 
  0.737440   0.356041   1.252766 

Time taken: 3.022037 seconds


PS:

Read file <logs/error_OMP_8_threads_run2_55100.err> for stderr output of this job.

